

Started GET "/" for ::1 at 2015-08-09 20:39:19 +0200
Processing by Rails::WelcomeController#index as HTML
  Rendered /Users/dschufel/.rvm/gems/ruby-1.9.3-p547/gems/railties-4.2.3/lib/rails/templates/rails/welcome/index.html.erb (1.7ms)
Completed 200 OK in 18ms (Views: 9.8ms | ActiveRecord: 0.0ms)


Started GET "/" for ::1 at 2015-08-10 19:11:50 +0200
Processing by ApplicationController#hello as HTML
  Rendered text template (0.0ms)
Completed 200 OK in 14ms (Views: 5.3ms | ActiveRecord: 0.0ms)


Started GET "/" for ::1 at 2015-08-10 19:12:38 +0200
Processing by ApplicationController#hello as HTML
Completed 500 Internal Server Error in 4ms (ActiveRecord: 0.0ms)

ActionView::MissingTemplate (Missing template application/hello with {:locale=>[:en], :formats=>[:html], :variants=>[], :handlers=>[:erb, :builder, :raw, :ruby, :coffee, :jbuilder]}. Searched in:
  * "/Users/dschufel/Projects/rails_tutorial/hello_app/app/views"
):
  actionview (4.2.3) lib/action_view/path_set.rb:46:in `find'
  actionview (4.2.3) lib/action_view/lookup_context.rb:121:in `find'
  actionview (4.2.3) lib/action_view/renderer/abstract_renderer.rb:18:in `find_template'
  actionview (4.2.3) lib/action_view/renderer/template_renderer.rb:40:in `determine_template'
  actionview (4.2.3) lib/action_view/renderer/template_renderer.rb:8:in `render'
  actionview (4.2.3) lib/action_view/renderer/renderer.rb:42:in `render_template'
  actionview (4.2.3) lib/action_view/renderer/renderer.rb:23:in `render'
  actionview (4.2.3) lib/action_view/rendering.rb:100:in `_render_template'
  actionpack (4.2.3) lib/action_controller/metal/streaming.rb:217:in `_render_template'
  actionview (4.2.3) lib/action_view/rendering.rb:83:in `render_to_body'
  actionpack (4.2.3) lib/action_controller/metal/rendering.rb:32:in `render_to_body'
  actionpack (4.2.3) lib/action_controller/metal/renderers.rb:37:in `render_to_body'
  actionpack (4.2.3) lib/abstract_controller/rendering.rb:25:in `render'
  actionpack (4.2.3) lib/action_controller/metal/rendering.rb:16:in `render'
  actionpack (4.2.3) lib/action_controller/metal/instrumentation.rb:44:in `block (2 levels) in render'
  activesupport (4.2.3) lib/active_support/core_ext/benchmark.rb:12:in `block in ms'
  /Users/dschufel/.rbenv/versions/2.2.0/lib/ruby/2.2.0/benchmark.rb:303:in `realtime'
  activesupport (4.2.3) lib/active_support/core_ext/benchmark.rb:12:in `ms'
  actionpack (4.2.3) lib/action_controller/metal/instrumentation.rb:44:in `block in render'
  actionpack (4.2.3) lib/action_controller/metal/instrumentation.rb:87:in `cleanup_view_runtime'
  activerecord (4.2.3) lib/active_record/railties/controller_runtime.rb:25:in `cleanup_view_runtime'
  actionpack (4.2.3) lib/action_controller/metal/instrumentation.rb:43:in `render'
  actionpack (4.2.3) lib/action_controller/metal/implicit_render.rb:10:in `default_render'
  actionpack (4.2.3) lib/action_controller/metal/implicit_render.rb:5:in `send_action'
  actionpack (4.2.3) lib/abstract_controller/base.rb:198:in `process_action'
  actionpack (4.2.3) lib/action_controller/metal/rendering.rb:10:in `process_action'
  actionpack (4.2.3) lib/abstract_controller/callbacks.rb:20:in `block in process_action'
  activesupport (4.2.3) lib/active_support/callbacks.rb:115:in `call'
  activesupport (4.2.3) lib/active_support/callbacks.rb:115:in `call'
  activesupport (4.2.3) lib/active_support/callbacks.rb:553:in `block (2 levels) in compile'
  activesupport (4.2.3) lib/active_support/callbacks.rb:503:in `call'
  activesupport (4.2.3) lib/active_support/callbacks.rb:503:in `call'
  activesupport (4.2.3) lib/active_support/callbacks.rb:88:in `run_callbacks'
  actionpack (4.2.3) lib/abstract_controller/callbacks.rb:19:in `process_action'
  actionpack (4.2.3) lib/action_controller/metal/rescue.rb:29:in `process_action'
  actionpack (4.2.3) lib/action_controller/metal/instrumentation.rb:32:in `block in process_action'
  activesupport (4.2.3) lib/active_support/notifications.rb:164:in `block in instrument'
  activesupport (4.2.3) lib/active_support/notifications/instrumenter.rb:20:in `instrument'
  activesupport (4.2.3) lib/active_support/notifications.rb:164:in `instrument'
  actionpack (4.2.3) lib/action_controller/metal/instrumentation.rb:30:in `process_action'
  actionpack (4.2.3) lib/action_controller/metal/params_wrapper.rb:250:in `process_action'
  activerecord (4.2.3) lib/active_record/railties/controller_runtime.rb:18:in `process_action'
  actionpack (4.2.3) lib/abstract_controller/base.rb:137:in `process'
  actionview (4.2.3) lib/action_view/rendering.rb:30:in `process'
  actionpack (4.2.3) lib/action_controller/metal.rb:196:in `dispatch'
  actionpack (4.2.3) lib/action_controller/metal/rack_delegation.rb:13:in `dispatch'
  actionpack (4.2.3) lib/action_controller/metal.rb:237:in `block in action'
  actionpack (4.2.3) lib/action_dispatch/routing/route_set.rb:76:in `call'
  actionpack (4.2.3) lib/action_dispatch/routing/route_set.rb:76:in `dispatch'
  actionpack (4.2.3) lib/action_dispatch/routing/route_set.rb:45:in `serve'
  actionpack (4.2.3) lib/action_dispatch/journey/router.rb:43:in `block in serve'
  actionpack (4.2.3) lib/action_dispatch/journey/router.rb:30:in `each'
  actionpack (4.2.3) lib/action_dispatch/journey/router.rb:30:in `serve'
  actionpack (4.2.3) lib/action_dispatch/routing/route_set.rb:821:in `call'
  rack (1.6.4) lib/rack/etag.rb:24:in `call'
  rack (1.6.4) lib/rack/conditionalget.rb:25:in `call'
  rack (1.6.4) lib/rack/head.rb:13:in `call'
  actionpack (4.2.3) lib/action_dispatch/middleware/params_parser.rb:27:in `call'
  actionpack (4.2.3) lib/action_dispatch/middleware/flash.rb:260:in `call'
  rack (1.6.4) lib/rack/session/abstract/id.rb:225:in `context'
  rack (1.6.4) lib/rack/session/abstract/id.rb:220:in `call'
  actionpack (4.2.3) lib/action_dispatch/middleware/cookies.rb:560:in `call'
  activerecord (4.2.3) lib/active_record/query_cache.rb:36:in `call'
  activerecord (4.2.3) lib/active_record/connection_adapters/abstract/connection_pool.rb:653:in `call'
  activerecord (4.2.3) lib/active_record/migration.rb:377:in `call'
  actionpack (4.2.3) lib/action_dispatch/middleware/callbacks.rb:29:in `block in call'
  activesupport (4.2.3) lib/active_support/callbacks.rb:84:in `run_callbacks'
  actionpack (4.2.3) lib/action_dispatch/middleware/callbacks.rb:27:in `call'
  actionpack (4.2.3) lib/action_dispatch/middleware/reloader.rb:73:in `call'
  actionpack (4.2.3) lib/action_dispatch/middleware/remote_ip.rb:78:in `call'
  actionpack (4.2.3) lib/action_dispatch/middleware/debug_exceptions.rb:17:in `call'
  web-console (2.2.1) lib/web_console/middleware.rb:39:in `call'
  actionpack (4.2.3) lib/action_dispatch/middleware/show_exceptions.rb:30:in `call'
  railties (4.2.3) lib/rails/rack/logger.rb:38:in `call_app'
  railties (4.2.3) lib/rails/rack/logger.rb:20:in `block in call'
  activesupport (4.2.3) lib/active_support/tagged_logging.rb:68:in `block in tagged'
  activesupport (4.2.3) lib/active_support/tagged_logging.rb:26:in `tagged'
  activesupport (4.2.3) lib/active_support/tagged_logging.rb:68:in `tagged'
  railties (4.2.3) lib/rails/rack/logger.rb:20:in `call'
  actionpack (4.2.3) lib/action_dispatch/middleware/request_id.rb:21:in `call'
  rack (1.6.4) lib/rack/methodoverride.rb:22:in `call'
  rack (1.6.4) lib/rack/runtime.rb:18:in `call'
  activesupport (4.2.3) lib/active_support/cache/strategy/local_cache_middleware.rb:28:in `call'
  rack (1.6.4) lib/rack/lock.rb:17:in `call'
  actionpack (4.2.3) lib/action_dispatch/middleware/static.rb:116:in `call'
  rack (1.6.4) lib/rack/sendfile.rb:113:in `call'
  railties (4.2.3) lib/rails/engine.rb:518:in `call'
  railties (4.2.3) lib/rails/application.rb:165:in `call'
  rack (1.6.4) lib/rack/lock.rb:17:in `call'
  rack (1.6.4) lib/rack/content_length.rb:15:in `call'
  rack (1.6.4) lib/rack/handler/webrick.rb:88:in `service'
  /Users/dschufel/.rbenv/versions/2.2.0/lib/ruby/2.2.0/webrick/httpserver.rb:138:in `service'
  /Users/dschufel/.rbenv/versions/2.2.0/lib/ruby/2.2.0/webrick/httpserver.rb:94:in `run'
  /Users/dschufel/.rbenv/versions/2.2.0/lib/ruby/2.2.0/webrick/server.rb:294:in `block in start_thread'


  Rendered /Users/dschufel/.rvm/gems/ruby-1.9.3-p547/gems/actionpack-4.2.3/lib/action_dispatch/middleware/templates/rescues/_source.erb (7.7ms)
  Rendered /Users/dschufel/.rvm/gems/ruby-1.9.3-p547/gems/actionpack-4.2.3/lib/action_dispatch/middleware/templates/rescues/_trace.html.erb (2.5ms)
  Rendered /Users/dschufel/.rvm/gems/ruby-1.9.3-p547/gems/actionpack-4.2.3/lib/action_dispatch/middleware/templates/rescues/_request_and_response.html.erb (1.0ms)
  Rendered /Users/dschufel/.rvm/gems/ruby-1.9.3-p547/gems/actionpack-4.2.3/lib/action_dispatch/middleware/templates/rescues/missing_template.html.erb within rescues/layout (54.0ms)
  Rendered /Users/dschufel/.rvm/gems/ruby-1.9.3-p547/gems/web-console-2.2.1/lib/web_console/templates/_markup.html.erb (0.4ms)
  Rendered /Users/dschufel/.rvm/gems/ruby-1.9.3-p547/gems/web-console-2.2.1/lib/web_console/templates/_inner_console_markup.html.erb within layouts/inlined_string (0.3ms)
  Rendered /Users/dschufel/.rvm/gems/ruby-1.9.3-p547/gems/web-console-2.2.1/lib/web_console/templates/_prompt_box_markup.html.erb within layouts/inlined_string (0.3ms)
  Rendered /Users/dschufel/.rvm/gems/ruby-1.9.3-p547/gems/web-console-2.2.1/lib/web_console/templates/style.css.erb within layouts/inlined_string (0.3ms)
  Rendered /Users/dschufel/.rvm/gems/ruby-1.9.3-p547/gems/web-console-2.2.1/lib/web_console/templates/console.js.erb within layouts/javascript (46.0ms)
  Rendered /Users/dschufel/.rvm/gems/ruby-1.9.3-p547/gems/web-console-2.2.1/lib/web_console/templates/main.js.erb within layouts/javascript (0.3ms)
  Rendered /Users/dschufel/.rvm/gems/ruby-1.9.3-p547/gems/web-console-2.2.1/lib/web_console/templates/error_page.js.erb within layouts/javascript (0.4ms)
  Rendered /Users/dschufel/.rvm/gems/ruby-1.9.3-p547/gems/web-console-2.2.1/lib/web_console/templates/index.html.erb (95.8ms)


Started GET "/" for ::1 at 2015-08-10 19:12:57 +0200
Processing by ApplicationController#hello as HTML
  Rendered text template (0.0ms)
Completed 200 OK in 1ms (Views: 0.3ms | ActiveRecord: 0.0ms)


Started GET "/" for ::1 at 2015-08-18 11:19:44 +0200
Processing by ApplicationController#hello as HTML
  Rendered text template (0.0ms)
Completed 200 OK in 14ms (Views: 6.1ms | ActiveRecord: 0.0ms)
  [1m[36m (0.9ms)[0m  [1mCREATE TABLE "schema_migrations" ("version" varchar NOT NULL) [0m
  [1m[35m (0.1ms)[0m  select sqlite_version(*)
  [1m[36m (0.8ms)[0m  [1mCREATE UNIQUE INDEX "unique_schema_migrations" ON "schema_migrations" ("version")[0m
  [1m[35mActiveRecord::SchemaMigration Load (0.1ms)[0m  SELECT "schema_migrations".* FROM "schema_migrations"


Started GET "/" for ::1 at 2015-08-19 17:47:37 +0200
Processing by ApplicationController#hello as HTML
  Rendered text template (0.1ms)
Completed 200 OK in 13ms (Views: 5.8ms | ActiveRecord: 0.0ms)


Started GET "/" for ::1 at 2015-08-20 10:46:55 +0200
  [1m[36mActiveRecord::SchemaMigration Load (0.4ms)[0m  [1mSELECT "schema_migrations".* FROM "schema_migrations"[0m

ActiveRecord::PendingMigrationError (

Migrations are pending. To resolve this issue, run:

	bin/rake db:migrate RAILS_ENV=development

):
  activerecord (4.2.3) lib/active_record/migration.rb:392:in `check_pending!'
  activerecord (4.2.3) lib/active_record/migration.rb:373:in `call'
  actionpack (4.2.3) lib/action_dispatch/middleware/callbacks.rb:29:in `block in call'
  activesupport (4.2.3) lib/active_support/callbacks.rb:84:in `run_callbacks'
  actionpack (4.2.3) lib/action_dispatch/middleware/callbacks.rb:27:in `call'
  actionpack (4.2.3) lib/action_dispatch/middleware/reloader.rb:73:in `call'
  actionpack (4.2.3) lib/action_dispatch/middleware/remote_ip.rb:78:in `call'
  actionpack (4.2.3) lib/action_dispatch/middleware/debug_exceptions.rb:17:in `call'
  web-console (2.2.1) lib/web_console/middleware.rb:39:in `call'
  actionpack (4.2.3) lib/action_dispatch/middleware/show_exceptions.rb:30:in `call'
  railties (4.2.3) lib/rails/rack/logger.rb:38:in `call_app'
  railties (4.2.3) lib/rails/rack/logger.rb:20:in `block in call'
  activesupport (4.2.3) lib/active_support/tagged_logging.rb:68:in `block in tagged'
  activesupport (4.2.3) lib/active_support/tagged_logging.rb:26:in `tagged'
  activesupport (4.2.3) lib/active_support/tagged_logging.rb:68:in `tagged'
  railties (4.2.3) lib/rails/rack/logger.rb:20:in `call'
  actionpack (4.2.3) lib/action_dispatch/middleware/request_id.rb:21:in `call'
  rack (1.6.4) lib/rack/methodoverride.rb:22:in `call'
  rack (1.6.4) lib/rack/runtime.rb:18:in `call'
  activesupport (4.2.3) lib/active_support/cache/strategy/local_cache_middleware.rb:28:in `call'
  rack (1.6.4) lib/rack/lock.rb:17:in `call'
  actionpack (4.2.3) lib/action_dispatch/middleware/static.rb:116:in `call'
  rack (1.6.4) lib/rack/sendfile.rb:113:in `call'
  railties (4.2.3) lib/rails/engine.rb:518:in `call'
  railties (4.2.3) lib/rails/application.rb:165:in `call'
  rack (1.6.4) lib/rack/lock.rb:17:in `call'
  rack (1.6.4) lib/rack/content_length.rb:15:in `call'
  rack (1.6.4) lib/rack/handler/webrick.rb:88:in `service'
  /Users/dschufel/.rbenv/versions/2.2.0/lib/ruby/2.2.0/webrick/httpserver.rb:138:in `service'
  /Users/dschufel/.rbenv/versions/2.2.0/lib/ruby/2.2.0/webrick/httpserver.rb:94:in `run'
  /Users/dschufel/.rbenv/versions/2.2.0/lib/ruby/2.2.0/webrick/server.rb:294:in `block in start_thread'


  Rendered /Users/dschufel/.rvm/gems/ruby-1.9.3-p547/gems/actionpack-4.2.3/lib/action_dispatch/middleware/templates/rescues/_source.erb (1.6ms)
  Rendered /Users/dschufel/.rvm/gems/ruby-1.9.3-p547/gems/actionpack-4.2.3/lib/action_dispatch/middleware/templates/rescues/_trace.html.erb (1.2ms)
  Rendered /Users/dschufel/.rvm/gems/ruby-1.9.3-p547/gems/actionpack-4.2.3/lib/action_dispatch/middleware/templates/rescues/_request_and_response.html.erb (0.7ms)
  Rendered /Users/dschufel/.rvm/gems/ruby-1.9.3-p547/gems/actionpack-4.2.3/lib/action_dispatch/middleware/templates/rescues/diagnostics.html.erb within rescues/layout (45.3ms)
  Rendered /Users/dschufel/.rvm/gems/ruby-1.9.3-p547/gems/web-console-2.2.1/lib/web_console/templates/_markup.html.erb (0.6ms)
  Rendered /Users/dschufel/.rvm/gems/ruby-1.9.3-p547/gems/web-console-2.2.1/lib/web_console/templates/_inner_console_markup.html.erb within layouts/inlined_string (0.4ms)
  Rendered /Users/dschufel/.rvm/gems/ruby-1.9.3-p547/gems/web-console-2.2.1/lib/web_console/templates/_prompt_box_markup.html.erb within layouts/inlined_string (0.3ms)
  Rendered /Users/dschufel/.rvm/gems/ruby-1.9.3-p547/gems/web-console-2.2.1/lib/web_console/templates/style.css.erb within layouts/inlined_string (0.4ms)
  Rendered /Users/dschufel/.rvm/gems/ruby-1.9.3-p547/gems/web-console-2.2.1/lib/web_console/templates/console.js.erb within layouts/javascript (43.4ms)
  Rendered /Users/dschufel/.rvm/gems/ruby-1.9.3-p547/gems/web-console-2.2.1/lib/web_console/templates/main.js.erb within layouts/javascript (0.3ms)
  Rendered /Users/dschufel/.rvm/gems/ruby-1.9.3-p547/gems/web-console-2.2.1/lib/web_console/templates/error_page.js.erb within layouts/javascript (0.3ms)
  Rendered /Users/dschufel/.rvm/gems/ruby-1.9.3-p547/gems/web-console-2.2.1/lib/web_console/templates/index.html.erb (96.0ms)
  [1m[36mActiveRecord::SchemaMigration Load (0.1ms)[0m  [1mSELECT "schema_migrations".* FROM "schema_migrations"[0m
Migrating to CreateUsers (20150820084631)
  [1m[35m (0.0ms)[0m  begin transaction
  [1m[36m (0.4ms)[0m  [1mCREATE TABLE "users" ("id" INTEGER PRIMARY KEY AUTOINCREMENT NOT NULL, "name" varchar, "email" varchar, "created_at" datetime NOT NULL, "updated_at" datetime NOT NULL) [0m
  [1m[35mSQL (0.2ms)[0m  INSERT INTO "schema_migrations" ("version") VALUES (?)  [["version", "20150820084631"]]
  [1m[36m (0.7ms)[0m  [1mcommit transaction[0m
  [1m[35mActiveRecord::SchemaMigration Load (0.1ms)[0m  SELECT "schema_migrations".* FROM "schema_migrations"


Started GET "/" for ::1 at 2015-08-20 10:48:26 +0200
  [1m[36mActiveRecord::SchemaMigration Load (0.1ms)[0m  [1mSELECT "schema_migrations".* FROM "schema_migrations"[0m
Processing by ApplicationController#hello as HTML
  Rendered text template (0.0ms)
Completed 200 OK in 11ms (Views: 3.9ms | ActiveRecord: 0.0ms)


Started GET "/" for ::1 at 2015-08-20 10:54:36 +0200
  [1m[36mActiveRecord::SchemaMigration Load (0.1ms)[0m  [1mSELECT "schema_migrations".* FROM "schema_migrations"[0m

AbstractController::ActionNotFound (The action 'hello' could not be found for ApplicationController):
  actionpack (4.2.3) lib/abstract_controller/base.rb:132:in `process'
  actionview (4.2.3) lib/action_view/rendering.rb:30:in `process'
  actionpack (4.2.3) lib/action_controller/metal.rb:196:in `dispatch'
  actionpack (4.2.3) lib/action_controller/metal/rack_delegation.rb:13:in `dispatch'
  actionpack (4.2.3) lib/action_controller/metal.rb:237:in `block in action'
  actionpack (4.2.3) lib/action_dispatch/routing/route_set.rb:76:in `call'
  actionpack (4.2.3) lib/action_dispatch/routing/route_set.rb:76:in `dispatch'
  actionpack (4.2.3) lib/action_dispatch/routing/route_set.rb:45:in `serve'
  actionpack (4.2.3) lib/action_dispatch/journey/router.rb:43:in `block in serve'
  actionpack (4.2.3) lib/action_dispatch/journey/router.rb:30:in `each'
  actionpack (4.2.3) lib/action_dispatch/journey/router.rb:30:in `serve'
  actionpack (4.2.3) lib/action_dispatch/routing/route_set.rb:821:in `call'
  rack (1.6.4) lib/rack/etag.rb:24:in `call'
  rack (1.6.4) lib/rack/conditionalget.rb:25:in `call'
  rack (1.6.4) lib/rack/head.rb:13:in `call'
  actionpack (4.2.3) lib/action_dispatch/middleware/params_parser.rb:27:in `call'
  actionpack (4.2.3) lib/action_dispatch/middleware/flash.rb:260:in `call'
  rack (1.6.4) lib/rack/session/abstract/id.rb:225:in `context'
  rack (1.6.4) lib/rack/session/abstract/id.rb:220:in `call'
  actionpack (4.2.3) lib/action_dispatch/middleware/cookies.rb:560:in `call'
  activerecord (4.2.3) lib/active_record/query_cache.rb:36:in `call'
  activerecord (4.2.3) lib/active_record/connection_adapters/abstract/connection_pool.rb:653:in `call'
  activerecord (4.2.3) lib/active_record/migration.rb:377:in `call'
  actionpack (4.2.3) lib/action_dispatch/middleware/callbacks.rb:29:in `block in call'
  activesupport (4.2.3) lib/active_support/callbacks.rb:84:in `run_callbacks'
  actionpack (4.2.3) lib/action_dispatch/middleware/callbacks.rb:27:in `call'
  actionpack (4.2.3) lib/action_dispatch/middleware/reloader.rb:73:in `call'
  actionpack (4.2.3) lib/action_dispatch/middleware/remote_ip.rb:78:in `call'
  actionpack (4.2.3) lib/action_dispatch/middleware/debug_exceptions.rb:17:in `call'
  web-console (2.2.1) lib/web_console/middleware.rb:39:in `call'
  actionpack (4.2.3) lib/action_dispatch/middleware/show_exceptions.rb:30:in `call'
  railties (4.2.3) lib/rails/rack/logger.rb:38:in `call_app'
  railties (4.2.3) lib/rails/rack/logger.rb:20:in `block in call'
  activesupport (4.2.3) lib/active_support/tagged_logging.rb:68:in `block in tagged'
  activesupport (4.2.3) lib/active_support/tagged_logging.rb:26:in `tagged'
  activesupport (4.2.3) lib/active_support/tagged_logging.rb:68:in `tagged'
  railties (4.2.3) lib/rails/rack/logger.rb:20:in `call'
  actionpack (4.2.3) lib/action_dispatch/middleware/request_id.rb:21:in `call'
  rack (1.6.4) lib/rack/methodoverride.rb:22:in `call'
  rack (1.6.4) lib/rack/runtime.rb:18:in `call'
  activesupport (4.2.3) lib/active_support/cache/strategy/local_cache_middleware.rb:28:in `call'
  rack (1.6.4) lib/rack/lock.rb:17:in `call'
  actionpack (4.2.3) lib/action_dispatch/middleware/static.rb:116:in `call'
  rack (1.6.4) lib/rack/sendfile.rb:113:in `call'
  railties (4.2.3) lib/rails/engine.rb:518:in `call'
  railties (4.2.3) lib/rails/application.rb:165:in `call'
  rack (1.6.4) lib/rack/lock.rb:17:in `call'
  rack (1.6.4) lib/rack/content_length.rb:15:in `call'
  rack (1.6.4) lib/rack/handler/webrick.rb:88:in `service'
  /Users/dschufel/.rbenv/versions/2.2.0/lib/ruby/2.2.0/webrick/httpserver.rb:138:in `service'
  /Users/dschufel/.rbenv/versions/2.2.0/lib/ruby/2.2.0/webrick/httpserver.rb:94:in `run'
  /Users/dschufel/.rbenv/versions/2.2.0/lib/ruby/2.2.0/webrick/server.rb:294:in `block in start_thread'


  Rendered /Users/dschufel/.rvm/gems/ruby-1.9.3-p547/gems/actionpack-4.2.3/lib/action_dispatch/middleware/templates/rescues/unknown_action.html.erb within rescues/layout (1.0ms)
  Rendered /Users/dschufel/.rvm/gems/ruby-1.9.3-p547/gems/web-console-2.2.1/lib/web_console/templates/_markup.html.erb (0.2ms)
  Rendered /Users/dschufel/.rvm/gems/ruby-1.9.3-p547/gems/web-console-2.2.1/lib/web_console/templates/_inner_console_markup.html.erb within layouts/inlined_string (0.3ms)
  Rendered /Users/dschufel/.rvm/gems/ruby-1.9.3-p547/gems/web-console-2.2.1/lib/web_console/templates/_prompt_box_markup.html.erb within layouts/inlined_string (0.2ms)
  Rendered /Users/dschufel/.rvm/gems/ruby-1.9.3-p547/gems/web-console-2.2.1/lib/web_console/templates/style.css.erb within layouts/inlined_string (0.3ms)
  Rendered /Users/dschufel/.rvm/gems/ruby-1.9.3-p547/gems/web-console-2.2.1/lib/web_console/templates/console.js.erb within layouts/javascript (33.2ms)
  Rendered /Users/dschufel/.rvm/gems/ruby-1.9.3-p547/gems/web-console-2.2.1/lib/web_console/templates/main.js.erb within layouts/javascript (0.3ms)
  Rendered /Users/dschufel/.rvm/gems/ruby-1.9.3-p547/gems/web-console-2.2.1/lib/web_console/templates/error_page.js.erb within layouts/javascript (0.3ms)
  Rendered /Users/dschufel/.rvm/gems/ruby-1.9.3-p547/gems/web-console-2.2.1/lib/web_console/templates/index.html.erb (75.6ms)


Started GET "/" for ::1 at 2015-08-20 10:55:26 +0200
Processing by Rails::WelcomeController#index as HTML
  Rendered /Users/dschufel/.rvm/gems/ruby-1.9.3-p547/gems/railties-4.2.3/lib/rails/templates/rails/welcome/index.html.erb (0.6ms)
Completed 200 OK in 9ms (Views: 3.0ms | ActiveRecord: 0.0ms)


Started GET "/users" for ::1 at 2015-08-20 11:01:51 +0200
Processing by UsersController#index as HTML
  [1m[35mUser Load (0.2ms)[0m  SELECT "users".* FROM "users"
  Rendered users/index.html.erb within layouts/application (1.6ms)
Completed 200 OK in 1398ms (Views: 1396.2ms | ActiveRecord: 0.2ms)


Started GET "/assets/scaffolds.self-71c201be68e28d27461984dd538fc9e802337c01f998c6dd0b03bf5bc14ef424.css?body=1" for ::1 at 2015-08-20 11:01:53 +0200


Started GET "/assets/users.self-e3b0c44298fc1c149afbf4c8996fb92427ae41e4649b934ca495991b7852b855.css?body=1" for ::1 at 2015-08-20 11:01:53 +0200


Started GET "/assets/jquery.self-d03a5518f45df77341bdbe6201ba3bfa547ebba8ed64f0ea56bfa5f96ea7c074.js?body=1" for ::1 at 2015-08-20 11:01:53 +0200


Started GET "/assets/turbolinks.self-c37727e9bd6b2735da5c311aa83fead54ed0be6cc8bd9a65309e9c5abe2cbfff.js?body=1" for ::1 at 2015-08-20 11:01:53 +0200


Started GET "/assets/jquery_ujs.self-ca5248a2fad13d6bd58ea121318d642f195f0b2dd818b30615f785ff365e8d1f.js?body=1" for ::1 at 2015-08-20 11:01:53 +0200


Started GET "/assets/application.self-e80e8f2318043e8af94dddc2adad5a4f09739a8ebb323b3ab31cd71d45fd9113.css?body=1" for ::1 at 2015-08-20 11:01:53 +0200


Started GET "/assets/application.self-3b8dabdc891efe46b9a144b400ad69e37d7e5876bdc39dee783419a69d7ca819.js?body=1" for ::1 at 2015-08-20 11:01:53 +0200


Started GET "/assets/users.self-877aef30ae1b040ab8a3aba4e3e309a11d7f2612f44dde450b5c157aa5f95c05.js?body=1" for ::1 at 2015-08-20 11:01:53 +0200


Started GET "/users/1" for ::1 at 2015-08-20 11:02:00 +0200
Processing by UsersController#show as HTML
  Parameters: {"id"=>"1"}
  [1m[36mUser Load (0.1ms)[0m  [1mSELECT  "users".* FROM "users" WHERE "users"."id" = ? LIMIT 1[0m  [["id", 1]]
Completed 404 Not Found in 11ms (ActiveRecord: 0.6ms)

ActiveRecord::RecordNotFound (Couldn't find User with 'id'=1):
  app/controllers/users_controller.rb:67:in `set_user'


  Rendered /Users/dschufel/.rvm/gems/ruby-1.9.3-p547/gems/actionpack-4.2.3/lib/action_dispatch/middleware/templates/rescues/_source.erb (4.3ms)
  Rendered /Users/dschufel/.rvm/gems/ruby-1.9.3-p547/gems/actionpack-4.2.3/lib/action_dispatch/middleware/templates/rescues/_trace.html.erb (1.8ms)
  Rendered /Users/dschufel/.rvm/gems/ruby-1.9.3-p547/gems/actionpack-4.2.3/lib/action_dispatch/middleware/templates/rescues/_request_and_response.html.erb (0.9ms)
  Rendered /Users/dschufel/.rvm/gems/ruby-1.9.3-p547/gems/actionpack-4.2.3/lib/action_dispatch/middleware/templates/rescues/diagnostics.html.erb within rescues/layout (40.7ms)
  Rendered /Users/dschufel/.rvm/gems/ruby-1.9.3-p547/gems/web-console-2.2.1/lib/web_console/templates/_markup.html.erb (0.3ms)
  Rendered /Users/dschufel/.rvm/gems/ruby-1.9.3-p547/gems/web-console-2.2.1/lib/web_console/templates/_inner_console_markup.html.erb within layouts/inlined_string (0.2ms)
  Rendered /Users/dschufel/.rvm/gems/ruby-1.9.3-p547/gems/web-console-2.2.1/lib/web_console/templates/_prompt_box_markup.html.erb within layouts/inlined_string (0.2ms)
  Rendered /Users/dschufel/.rvm/gems/ruby-1.9.3-p547/gems/web-console-2.2.1/lib/web_console/templates/style.css.erb within layouts/inlined_string (0.3ms)
  Rendered /Users/dschufel/.rvm/gems/ruby-1.9.3-p547/gems/web-console-2.2.1/lib/web_console/templates/console.js.erb within layouts/javascript (32.4ms)
  Rendered /Users/dschufel/.rvm/gems/ruby-1.9.3-p547/gems/web-console-2.2.1/lib/web_console/templates/main.js.erb within layouts/javascript (0.2ms)
  Rendered /Users/dschufel/.rvm/gems/ruby-1.9.3-p547/gems/web-console-2.2.1/lib/web_console/templates/error_page.js.erb within layouts/javascript (0.3ms)
  Rendered /Users/dschufel/.rvm/gems/ruby-1.9.3-p547/gems/web-console-2.2.1/lib/web_console/templates/index.html.erb (71.2ms)


Started GET "/users/new" for ::1 at 2015-08-20 11:02:12 +0200
Processing by UsersController#new as HTML
  Rendered users/_form.html.erb (32.1ms)
  Rendered users/new.html.erb within layouts/application (33.7ms)
Completed 200 OK in 71ms (Views: 66.3ms | ActiveRecord: 0.0ms)


Started GET "/users" for ::1 at 2015-08-20 11:38:07 +0200
  [1m[36mActiveRecord::SchemaMigration Load (0.1ms)[0m  [1mSELECT "schema_migrations".* FROM "schema_migrations"[0m
Processing by UsersController#index as HTML
  [1m[35mUser Load (0.1ms)[0m  SELECT "users".* FROM "users"
  Rendered users/index.html.erb within layouts/application (2.1ms)
Completed 200 OK in 133ms (Views: 124.5ms | ActiveRecord: 0.2ms)


Started GET "/users/new" for ::1 at 2015-08-20 11:38:09 +0200
Processing by UsersController#new as HTML
  Rendered users/_form.html.erb (15.2ms)
  Rendered users/new.html.erb within layouts/application (19.3ms)
Completed 200 OK in 41ms (Views: 38.7ms | ActiveRecord: 0.2ms)


Started POST "/users" for ::1 at 2015-08-20 11:38:13 +0200
Processing by UsersController#create as HTML
  Parameters: {"utf8"=>"✓", "authenticity_token"=>"MTsxU+tE6H2AXCvXedwTyRzcd9TJVcnoO5BauTT67AijQWPg3fyUt0QjfMRJU5yUiiANRxYoQtt6uV2DA6Vgpg==", "user"=>{"name"=>"hello", "email"=>"hello@world.com"}, "commit"=>"Create User"}
  [1m[36m (0.1ms)[0m  [1mbegin transaction[0m
  [1m[35mSQL (0.4ms)[0m  INSERT INTO "users" ("name", "email", "created_at", "updated_at") VALUES (?, ?, ?, ?)  [["name", "hello"], ["email", "hello@world.com"], ["created_at", "2015-08-20 09:38:13.909678"], ["updated_at", "2015-08-20 09:38:13.909678"]]
  [1m[36m (0.7ms)[0m  [1mcommit transaction[0m
Redirected to http://localhost:3000/users/1
Completed 302 Found in 5ms (ActiveRecord: 1.1ms)


Started GET "/users/1" for ::1 at 2015-08-20 11:38:13 +0200
Processing by UsersController#show as HTML
  Parameters: {"id"=>"1"}
  [1m[35mUser Load (0.1ms)[0m  SELECT  "users".* FROM "users" WHERE "users"."id" = ? LIMIT 1  [["id", 1]]
  Rendered users/show.html.erb within layouts/application (0.5ms)
Completed 200 OK in 29ms (Views: 22.5ms | ActiveRecord: 0.1ms)


Started GET "/users/new" for ::1 at 2015-08-20 11:58:55 +0200
  [1m[36mActiveRecord::SchemaMigration Load (0.1ms)[0m  [1mSELECT "schema_migrations".* FROM "schema_migrations"[0m
Processing by UsersController#new as HTML
  Rendered users/_form.html.erb (12.4ms)
  Rendered users/new.html.erb within layouts/application (17.6ms)
Completed 200 OK in 156ms (Views: 146.1ms | ActiveRecord: 0.2ms)


Started GET "/assets/scaffolds.self-71c201be68e28d27461984dd538fc9e802337c01f998c6dd0b03bf5bc14ef424.css?body=1" for ::1 at 2015-08-20 11:58:55 +0200


Started GET "/assets/jquery_ujs.self-ca5248a2fad13d6bd58ea121318d642f195f0b2dd818b30615f785ff365e8d1f.js?body=1" for ::1 at 2015-08-20 11:58:55 +0200


Started GET "/assets/turbolinks.self-c37727e9bd6b2735da5c311aa83fead54ed0be6cc8bd9a65309e9c5abe2cbfff.js?body=1" for ::1 at 2015-08-20 11:58:55 +0200


Started GET "/assets/jquery.self-d03a5518f45df77341bdbe6201ba3bfa547ebba8ed64f0ea56bfa5f96ea7c074.js?body=1" for ::1 at 2015-08-20 11:58:55 +0200


Started GET "/assets/users.self-e3b0c44298fc1c149afbf4c8996fb92427ae41e4649b934ca495991b7852b855.css?body=1" for ::1 at 2015-08-20 11:58:55 +0200


Started GET "/assets/application.self-e80e8f2318043e8af94dddc2adad5a4f09739a8ebb323b3ab31cd71d45fd9113.css?body=1" for ::1 at 2015-08-20 11:58:55 +0200


Started GET "/assets/users.self-877aef30ae1b040ab8a3aba4e3e309a11d7f2612f44dde450b5c157aa5f95c05.js?body=1" for ::1 at 2015-08-20 11:58:55 +0200


Started GET "/assets/application.self-3b8dabdc891efe46b9a144b400ad69e37d7e5876bdc39dee783419a69d7ca819.js?body=1" for ::1 at 2015-08-20 11:58:55 +0200


Started GET "/users/users" for ::1 at 2015-08-20 11:59:17 +0200
Processing by UsersController#show as HTML
  Parameters: {"id"=>"users"}
  [1m[35mUser Load (0.2ms)[0m  SELECT  "users".* FROM "users" WHERE "users"."id" = ? LIMIT 1  [["id", 0]]
Completed 404 Not Found in 20ms (ActiveRecord: 0.2ms)

ActiveRecord::RecordNotFound (Couldn't find User with 'id'=users):
  app/controllers/users_controller.rb:67:in `set_user'


  Rendered /Users/dschufel/.rvm/gems/ruby-1.9.3-p547/gems/actionpack-4.2.3/lib/action_dispatch/middleware/templates/rescues/_source.erb (11.0ms)
  Rendered /Users/dschufel/.rvm/gems/ruby-1.9.3-p547/gems/actionpack-4.2.3/lib/action_dispatch/middleware/templates/rescues/_trace.html.erb (4.0ms)
  Rendered /Users/dschufel/.rvm/gems/ruby-1.9.3-p547/gems/actionpack-4.2.3/lib/action_dispatch/middleware/templates/rescues/_request_and_response.html.erb (1.3ms)
  Rendered /Users/dschufel/.rvm/gems/ruby-1.9.3-p547/gems/actionpack-4.2.3/lib/action_dispatch/middleware/templates/rescues/diagnostics.html.erb within rescues/layout (53.7ms)
  Rendered /Users/dschufel/.rvm/gems/ruby-1.9.3-p547/gems/web-console-2.2.1/lib/web_console/templates/_markup.html.erb (0.2ms)
  Rendered /Users/dschufel/.rvm/gems/ruby-1.9.3-p547/gems/web-console-2.2.1/lib/web_console/templates/_inner_console_markup.html.erb within layouts/inlined_string (0.2ms)
  Rendered /Users/dschufel/.rvm/gems/ruby-1.9.3-p547/gems/web-console-2.2.1/lib/web_console/templates/_prompt_box_markup.html.erb within layouts/inlined_string (0.5ms)
  Rendered /Users/dschufel/.rvm/gems/ruby-1.9.3-p547/gems/web-console-2.2.1/lib/web_console/templates/style.css.erb within layouts/inlined_string (0.4ms)
  Rendered /Users/dschufel/.rvm/gems/ruby-1.9.3-p547/gems/web-console-2.2.1/lib/web_console/templates/console.js.erb within layouts/javascript (34.5ms)
  Rendered /Users/dschufel/.rvm/gems/ruby-1.9.3-p547/gems/web-console-2.2.1/lib/web_console/templates/main.js.erb within layouts/javascript (0.2ms)
  Rendered /Users/dschufel/.rvm/gems/ruby-1.9.3-p547/gems/web-console-2.2.1/lib/web_console/templates/error_page.js.erb within layouts/javascript (0.8ms)
  Rendered /Users/dschufel/.rvm/gems/ruby-1.9.3-p547/gems/web-console-2.2.1/lib/web_console/templates/index.html.erb (74.5ms)


Started GET "/users/" for ::1 at 2015-08-20 11:59:20 +0200
Processing by UsersController#index as HTML
  [1m[36mUser Load (0.1ms)[0m  [1mSELECT "users".* FROM "users"[0m
  Rendered users/index.html.erb within layouts/application (1.9ms)
Completed 200 OK in 37ms (Views: 36.1ms | ActiveRecord: 0.1ms)


Started GET "/users/new/" for ::1 at 2015-08-20 11:59:27 +0200
Processing by UsersController#new as HTML
  Rendered users/_form.html.erb (1.3ms)
  Rendered users/new.html.erb within layouts/application (2.1ms)
Completed 200 OK in 29ms (Views: 28.4ms | ActiveRecord: 0.0ms)


Started GET "/users/1" for ::1 at 2015-08-20 11:59:45 +0200
Processing by UsersController#show as HTML
  Parameters: {"id"=>"1"}
  [1m[35mUser Load (0.1ms)[0m  SELECT  "users".* FROM "users" WHERE "users"."id" = ? LIMIT 1  [["id", 1]]
  Rendered users/show.html.erb within layouts/application (0.9ms)
Completed 200 OK in 31ms (Views: 30.3ms | ActiveRecord: 0.1ms)


Started GET "/users" for ::1 at 2015-08-20 11:59:57 +0200
Processing by UsersController#index as HTML
  [1m[36mUser Load (0.1ms)[0m  [1mSELECT "users".* FROM "users"[0m
  Rendered users/index.html.erb within layouts/application (1.2ms)
Completed 200 OK in 26ms (Views: 25.6ms | ActiveRecord: 0.1ms)


Started GET "/users/1/edit" for ::1 at 2015-08-20 11:59:58 +0200
Processing by UsersController#edit as HTML
  Parameters: {"id"=>"1"}
  [1m[35mUser Load (0.1ms)[0m  SELECT  "users".* FROM "users" WHERE "users"."id" = ? LIMIT 1  [["id", 1]]
  Rendered users/_form.html.erb (1.5ms)
  Rendered users/edit.html.erb within layouts/application (2.9ms)
Completed 200 OK in 23ms (Views: 22.0ms | ActiveRecord: 0.1ms)


Started PATCH "/users/1" for ::1 at 2015-08-20 12:00:14 +0200
Processing by UsersController#update as HTML
  Parameters: {"utf8"=>"✓", "authenticity_token"=>"SvBSQypIT1p2i5/oPp4cZnRlPqerNIumxCeCeszemKDYigDwHPAzkLL0yPsOEZM74plENHRJAJWFDoVA+4EUDg==", "user"=>{"name"=>"hello", "email"=>"hello2345@world.com"}, "commit"=>"Update User", "id"=>"1"}
  [1m[36mUser Load (0.1ms)[0m  [1mSELECT  "users".* FROM "users" WHERE "users"."id" = ? LIMIT 1[0m  [["id", 1]]
  [1m[35m (0.0ms)[0m  begin transaction
  [1m[36mSQL (0.4ms)[0m  [1mUPDATE "users" SET "email" = ?, "updated_at" = ? WHERE "users"."id" = ?[0m  [["email", "hello2345@world.com"], ["updated_at", "2015-08-20 10:00:14.840798"], ["id", 1]]
  [1m[35m (0.8ms)[0m  commit transaction
Redirected to http://localhost:3000/users/1
Completed 302 Found in 4ms (ActiveRecord: 1.2ms)


Started GET "/users/1" for ::1 at 2015-08-20 12:00:14 +0200
Processing by UsersController#show as HTML
  Parameters: {"id"=>"1"}
  [1m[36mUser Load (0.1ms)[0m  [1mSELECT  "users".* FROM "users" WHERE "users"."id" = ? LIMIT 1[0m  [["id", 1]]
  Rendered users/show.html.erb within layouts/application (0.3ms)
Completed 200 OK in 22ms (Views: 20.6ms | ActiveRecord: 0.1ms)


Started GET "/users" for ::1 at 2015-08-20 12:00:23 +0200
Processing by UsersController#index as HTML
  [1m[35mUser Load (0.1ms)[0m  SELECT "users".* FROM "users"
  Rendered users/index.html.erb within layouts/application (0.9ms)
Completed 200 OK in 21ms (Views: 20.2ms | ActiveRecord: 0.1ms)


Started GET "/users/new" for ::1 at 2015-08-20 12:00:25 +0200
Processing by UsersController#new as HTML
  Rendered users/_form.html.erb (1.1ms)
  Rendered users/new.html.erb within layouts/application (2.5ms)
Completed 200 OK in 24ms (Views: 23.9ms | ActiveRecord: 0.0ms)


Started POST "/users" for ::1 at 2015-08-20 12:00:39 +0200
Processing by UsersController#create as HTML
  Parameters: {"utf8"=>"✓", "authenticity_token"=>"GPZeUG4fXauDiRchjgW5kAZyJi+qTWNGwxQeHZ49UaeKjAzjWKchYUf2QDK+ijbNkI5cvHUw6HWCPRknqWLdCQ==", "user"=>{"name"=>"asdf", "email"=>"asdf@helloworld.com"}, "commit"=>"Create User"}
  [1m[36m (0.1ms)[0m  [1mbegin transaction[0m
  [1m[35mSQL (0.3ms)[0m  INSERT INTO "users" ("name", "email", "created_at", "updated_at") VALUES (?, ?, ?, ?)  [["name", "asdf"], ["email", "asdf@helloworld.com"], ["created_at", "2015-08-20 10:00:39.782095"], ["updated_at", "2015-08-20 10:00:39.782095"]]
  [1m[36m (0.8ms)[0m  [1mcommit transaction[0m
Redirected to http://localhost:3000/users/2
Completed 302 Found in 3ms (ActiveRecord: 1.2ms)


Started GET "/users/2" for ::1 at 2015-08-20 12:00:39 +0200
Processing by UsersController#show as HTML
  Parameters: {"id"=>"2"}
  [1m[35mUser Load (0.1ms)[0m  SELECT  "users".* FROM "users" WHERE "users"."id" = ? LIMIT 1  [["id", 2]]
  Rendered users/show.html.erb within layouts/application (0.2ms)
Completed 200 OK in 25ms (Views: 24.2ms | ActiveRecord: 0.1ms)


Started GET "/users" for ::1 at 2015-08-20 12:00:51 +0200
Processing by UsersController#index as HTML
  [1m[36mUser Load (0.1ms)[0m  [1mSELECT "users".* FROM "users"[0m
  Rendered users/index.html.erb within layouts/application (1.1ms)
Completed 200 OK in 25ms (Views: 24.0ms | ActiveRecord: 0.1ms)


Started GET "/users/new" for ::1 at 2015-08-20 12:01:09 +0200
Processing by UsersController#new as HTML
  Rendered users/_form.html.erb (1.2ms)
  Rendered users/new.html.erb within layouts/application (2.8ms)
Completed 200 OK in 32ms (Views: 31.4ms | ActiveRecord: 0.0ms)


Started POST "/users" for ::1 at 2015-08-20 12:01:19 +0200
Processing by UsersController#create as HTML
  Parameters: {"utf8"=>"✓", "authenticity_token"=>"tZU++wGs8Fc58KUa4zBG6ytYeWCy5SJA7yp70ClFSE8n72xINxSMnf2P8gnTv8m2vaQD822YqXOuA3zqHhrE4Q==", "user"=>{"name"=>"Robert'); DROP TABLE Students;--", "email"=>""}, "commit"=>"Create User"}
  [1m[35m (0.0ms)[0m  begin transaction
  [1m[36mSQL (0.2ms)[0m  [1mINSERT INTO "users" ("name", "email", "created_at", "updated_at") VALUES (?, ?, ?, ?)[0m  [["name", "Robert'); DROP TABLE Students;--"], ["email", ""], ["created_at", "2015-08-20 10:01:19.440545"], ["updated_at", "2015-08-20 10:01:19.440545"]]
  [1m[35m (0.8ms)[0m  commit transaction
Redirected to http://localhost:3000/users/3
Completed 302 Found in 3ms (ActiveRecord: 1.1ms)


Started GET "/users/3" for ::1 at 2015-08-20 12:01:19 +0200
Processing by UsersController#show as HTML
  Parameters: {"id"=>"3"}
  [1m[36mUser Load (0.2ms)[0m  [1mSELECT  "users".* FROM "users" WHERE "users"."id" = ? LIMIT 1[0m  [["id", 3]]
  Rendered users/show.html.erb within layouts/application (0.2ms)
Completed 200 OK in 25ms (Views: 23.8ms | ActiveRecord: 0.2ms)


Started GET "/users" for ::1 at 2015-08-20 12:01:26 +0200
Processing by UsersController#index as HTML
  [1m[35mUser Load (0.1ms)[0m  SELECT "users".* FROM "users"
  Rendered users/index.html.erb within layouts/application (1.3ms)
Completed 200 OK in 23ms (Views: 22.1ms | ActiveRecord: 0.1ms)


Started GET "/users/3/edit" for ::1 at 2015-08-20 12:01:29 +0200
Processing by UsersController#edit as HTML
  Parameters: {"id"=>"3"}
  [1m[36mUser Load (0.1ms)[0m  [1mSELECT  "users".* FROM "users" WHERE "users"."id" = ? LIMIT 1[0m  [["id", 3]]
  Rendered users/_form.html.erb (1.2ms)
  Rendered users/edit.html.erb within layouts/application (2.4ms)
Completed 200 OK in 23ms (Views: 22.6ms | ActiveRecord: 0.1ms)


Started GET "/users/3" for ::1 at 2015-08-20 12:01:47 +0200
Processing by UsersController#show as HTML
  Parameters: {"id"=>"3"}
  [1m[35mUser Load (0.1ms)[0m  SELECT  "users".* FROM "users" WHERE "users"."id" = ? LIMIT 1  [["id", 3]]
  Rendered users/show.html.erb within layouts/application (0.6ms)
Completed 200 OK in 23ms (Views: 22.2ms | ActiveRecord: 0.1ms)


Started GET "/users" for ::1 at 2015-08-20 12:01:49 +0200
Processing by UsersController#index as HTML
  [1m[36mUser Load (0.1ms)[0m  [1mSELECT "users".* FROM "users"[0m
  Rendered users/index.html.erb within layouts/application (1.4ms)
Completed 200 OK in 24ms (Views: 23.0ms | ActiveRecord: 0.1ms)


Started GET "/users/3/edit" for ::1 at 2015-08-20 12:01:52 +0200
Processing by UsersController#edit as HTML
  Parameters: {"id"=>"3"}
  [1m[35mUser Load (0.1ms)[0m  SELECT  "users".* FROM "users" WHERE "users"."id" = ? LIMIT 1  [["id", 3]]
  Rendered users/_form.html.erb (1.3ms)
  Rendered users/edit.html.erb within layouts/application (2.5ms)
Completed 200 OK in 24ms (Views: 23.5ms | ActiveRecord: 0.1ms)


Started PATCH "/users/3" for ::1 at 2015-08-20 12:02:08 +0200
Processing by UsersController#update as HTML
  Parameters: {"utf8"=>"✓", "authenticity_token"=>"Ltj/QMDNJnhnwuaDNQGZu5ThIkeikTu2ogXShF5B0Cy8oq3z9nVasqO9sZAFjhbmAh1Y1H3ssIXjLNW+aR5cgg==", "user"=>{"name"=>"'-prompt('hello world')-'", "email"=>""}, "commit"=>"Update User", "id"=>"3"}
  [1m[36mUser Load (0.1ms)[0m  [1mSELECT  "users".* FROM "users" WHERE "users"."id" = ? LIMIT 1[0m  [["id", 3]]
  [1m[35m (0.0ms)[0m  begin transaction
  [1m[36mSQL (0.2ms)[0m  [1mUPDATE "users" SET "name" = ?, "updated_at" = ? WHERE "users"."id" = ?[0m  [["name", "'-prompt('hello world')-'"], ["updated_at", "2015-08-20 10:02:08.863592"], ["id", 3]]
  [1m[35m (0.7ms)[0m  commit transaction
Redirected to http://localhost:3000/users/3
Completed 302 Found in 3ms (ActiveRecord: 1.1ms)


Started GET "/users/3" for ::1 at 2015-08-20 12:02:08 +0200
Processing by UsersController#show as HTML
  Parameters: {"id"=>"3"}
  [1m[36mUser Load (0.1ms)[0m  [1mSELECT  "users".* FROM "users" WHERE "users"."id" = ? LIMIT 1[0m  [["id", 3]]
  Rendered users/show.html.erb within layouts/application (0.2ms)
Completed 200 OK in 20ms (Views: 19.8ms | ActiveRecord: 0.1ms)


Started GET "/users" for ::1 at 2015-08-20 12:02:10 +0200
Processing by UsersController#index as HTML
  [1m[35mUser Load (0.1ms)[0m  SELECT "users".* FROM "users"
  Rendered users/index.html.erb within layouts/application (1.1ms)
Completed 200 OK in 20ms (Views: 19.1ms | ActiveRecord: 0.1ms)


Started DELETE "/users/3" for ::1 at 2015-08-20 12:02:13 +0200
Processing by UsersController#destroy as HTML
  Parameters: {"authenticity_token"=>"CVjjHy1P7++VbrrSeRXQnvi6mD3zdLI5/yFQrc+sRX+bIrGsG/eTJVER7cFJml/DbkbiriwJOQq+CFeX+PPJ0Q==", "id"=>"3"}
  [1m[36mUser Load (0.1ms)[0m  [1mSELECT  "users".* FROM "users" WHERE "users"."id" = ? LIMIT 1[0m  [["id", 3]]
  [1m[35m (0.0ms)[0m  begin transaction
  [1m[36mSQL (0.3ms)[0m  [1mDELETE FROM "users" WHERE "users"."id" = ?[0m  [["id", 3]]
  [1m[35m (1.1ms)[0m  commit transaction
Redirected to http://localhost:3000/users
Completed 302 Found in 3ms (ActiveRecord: 1.4ms)


Started GET "/users" for ::1 at 2015-08-20 12:02:13 +0200
Processing by UsersController#index as HTML
  [1m[36mUser Load (0.5ms)[0m  [1mSELECT "users".* FROM "users"[0m
  Rendered users/index.html.erb within layouts/application (1.6ms)
Completed 200 OK in 32ms (Views: 30.5ms | ActiveRecord: 0.5ms)


Started GET "/users" for ::1 at 2015-08-20 13:29:03 +0200
Processing by UsersController#index as HTML
  [1m[35mUser Load (0.2ms)[0m  SELECT "users".* FROM "users"
  Rendered users/index.html.erb within layouts/application (3.7ms)
Completed 200 OK in 26ms (Views: 23.8ms | ActiveRecord: 0.4ms)


Started GET "/assets/scaffolds.self-71c201be68e28d27461984dd538fc9e802337c01f998c6dd0b03bf5bc14ef424.css?body=1" for ::1 at 2015-08-20 13:29:03 +0200


Started GET "/assets/users.self-e3b0c44298fc1c149afbf4c8996fb92427ae41e4649b934ca495991b7852b855.css?body=1" for ::1 at 2015-08-20 13:29:03 +0200


Started GET "/assets/jquery.self-d03a5518f45df77341bdbe6201ba3bfa547ebba8ed64f0ea56bfa5f96ea7c074.js?body=1" for ::1 at 2015-08-20 13:29:03 +0200


Started GET "/assets/jquery_ujs.self-ca5248a2fad13d6bd58ea121318d642f195f0b2dd818b30615f785ff365e8d1f.js?body=1" for ::1 at 2015-08-20 13:29:03 +0200


Started GET "/assets/application.self-e80e8f2318043e8af94dddc2adad5a4f09739a8ebb323b3ab31cd71d45fd9113.css?body=1" for ::1 at 2015-08-20 13:29:03 +0200


Started GET "/assets/turbolinks.self-c37727e9bd6b2735da5c311aa83fead54ed0be6cc8bd9a65309e9c5abe2cbfff.js?body=1" for ::1 at 2015-08-20 13:29:03 +0200


Started GET "/assets/users.self-877aef30ae1b040ab8a3aba4e3e309a11d7f2612f44dde450b5c157aa5f95c05.js?body=1" for ::1 at 2015-08-20 13:29:03 +0200


Started GET "/assets/application.self-3b8dabdc891efe46b9a144b400ad69e37d7e5876bdc39dee783419a69d7ca819.js?body=1" for ::1 at 2015-08-20 13:29:03 +0200


Started GET "/" for ::1 at 2015-08-20 13:29:05 +0200
Processing by UsersController#index as HTML
  [1m[36mUser Load (0.4ms)[0m  [1mSELECT "users".* FROM "users"[0m
  Rendered users/index.html.erb within layouts/application (2.1ms)
Completed 200 OK in 27ms (Views: 25.8ms | ActiveRecord: 0.4ms)


Started GET "/" for ::1 at 2015-08-20 13:29:07 +0200
Processing by UsersController#index as HTML
  [1m[35mUser Load (0.1ms)[0m  SELECT "users".* FROM "users"
  Rendered users/index.html.erb within layouts/application (1.0ms)
Completed 200 OK in 26ms (Views: 25.7ms | ActiveRecord: 0.1ms)


Started GET "/users/1/edit" for ::1 at 2015-08-20 13:29:09 +0200
Processing by UsersController#edit as HTML
  Parameters: {"id"=>"1"}
  [1m[36mUser Load (0.1ms)[0m  [1mSELECT  "users".* FROM "users" WHERE "users"."id" = ? LIMIT 1[0m  [["id", 1]]
  Rendered users/_form.html.erb (1.3ms)
  Rendered users/edit.html.erb within layouts/application (2.5ms)
Completed 200 OK in 25ms (Views: 24.1ms | ActiveRecord: 0.1ms)


Started GET "/" for ::1 at 2015-08-20 13:29:14 +0200
Processing by UsersController#index as HTML
  [1m[35mUser Load (0.1ms)[0m  SELECT "users".* FROM "users"
  Rendered users/index.html.erb within layouts/application (0.9ms)
Completed 200 OK in 20ms (Views: 19.1ms | ActiveRecord: 0.1ms)


Started GET "/" for ::1 at 2015-08-20 14:16:33 +0200
  [1m[36mActiveRecord::SchemaMigration Load (0.1ms)[0m  [1mSELECT "schema_migrations".* FROM "schema_migrations"[0m
Processing by UsersController#index as HTML
  [1m[35mUser Load (0.1ms)[0m  SELECT "users".* FROM "users"
  Rendered users/index.html.erb within layouts/application (4.9ms)
Completed 200 OK in 139ms (Views: 130.7ms | ActiveRecord: 0.3ms)


Started GET "/assets/application.self-e80e8f2318043e8af94dddc2adad5a4f09739a8ebb323b3ab31cd71d45fd9113.css?body=1" for ::1 at 2015-08-20 14:16:33 +0200


Started GET "/assets/scaffolds.self-71c201be68e28d27461984dd538fc9e802337c01f998c6dd0b03bf5bc14ef424.css?body=1" for ::1 at 2015-08-20 14:16:33 +0200


Started GET "/assets/jquery.self-d03a5518f45df77341bdbe6201ba3bfa547ebba8ed64f0ea56bfa5f96ea7c074.js?body=1" for ::1 at 2015-08-20 14:16:33 +0200


Started GET "/assets/users.self-e3b0c44298fc1c149afbf4c8996fb92427ae41e4649b934ca495991b7852b855.css?body=1" for ::1 at 2015-08-20 14:16:33 +0200


Started GET "/assets/jquery_ujs.self-ca5248a2fad13d6bd58ea121318d642f195f0b2dd818b30615f785ff365e8d1f.js?body=1" for ::1 at 2015-08-20 14:16:33 +0200


Started GET "/assets/turbolinks.self-c37727e9bd6b2735da5c311aa83fead54ed0be6cc8bd9a65309e9c5abe2cbfff.js?body=1" for ::1 at 2015-08-20 14:16:33 +0200


Started GET "/assets/users.self-877aef30ae1b040ab8a3aba4e3e309a11d7f2612f44dde450b5c157aa5f95c05.js?body=1" for ::1 at 2015-08-20 14:16:33 +0200


Started GET "/assets/application.self-3b8dabdc891efe46b9a144b400ad69e37d7e5876bdc39dee783419a69d7ca819.js?body=1" for ::1 at 2015-08-20 14:16:33 +0200


Started GET "/users/new" for ::1 at 2015-08-20 14:16:40 +0200
Processing by UsersController#new as HTML
  Rendered users/_form.html.erb (15.3ms)
  Rendered users/new.html.erb within layouts/application (21.5ms)
Completed 200 OK in 47ms (Views: 46.5ms | ActiveRecord: 0.0ms)


Started GET "/users/new" for ::1 at 2015-08-20 14:16:48 +0200
Processing by UsersController#new as HTML
  Rendered users/_form.html.erb (1.9ms)
  Rendered users/new.html.erb within layouts/application (3.2ms)
Completed 200 OK in 39ms (Views: 38.9ms | ActiveRecord: 0.0ms)


Started GET "/assets/users.self-e3b0c44298fc1c149afbf4c8996fb92427ae41e4649b934ca495991b7852b855.css?body=1" for ::1 at 2015-08-20 14:16:48 +0200


Started GET "/assets/turbolinks.self-c37727e9bd6b2735da5c311aa83fead54ed0be6cc8bd9a65309e9c5abe2cbfff.js?body=1" for ::1 at 2015-08-20 14:16:48 +0200


Started GET "/assets/jquery_ujs.self-ca5248a2fad13d6bd58ea121318d642f195f0b2dd818b30615f785ff365e8d1f.js?body=1" for ::1 at 2015-08-20 14:16:48 +0200


Started GET "/assets/jquery.self-d03a5518f45df77341bdbe6201ba3bfa547ebba8ed64f0ea56bfa5f96ea7c074.js?body=1" for ::1 at 2015-08-20 14:16:48 +0200


Started GET "/assets/application.self-e80e8f2318043e8af94dddc2adad5a4f09739a8ebb323b3ab31cd71d45fd9113.css?body=1" for ::1 at 2015-08-20 14:16:48 +0200


Started GET "/assets/scaffolds.self-71c201be68e28d27461984dd538fc9e802337c01f998c6dd0b03bf5bc14ef424.css?body=1" for ::1 at 2015-08-20 14:16:48 +0200


Started GET "/assets/users.self-877aef30ae1b040ab8a3aba4e3e309a11d7f2612f44dde450b5c157aa5f95c05.js?body=1" for ::1 at 2015-08-20 14:16:48 +0200


Started GET "/assets/application.self-3b8dabdc891efe46b9a144b400ad69e37d7e5876bdc39dee783419a69d7ca819.js?body=1" for ::1 at 2015-08-20 14:16:48 +0200


Started GET "/users/new" for ::1 at 2015-08-20 15:21:23 +0200
Processing by UsersController#new as HTML
  Rendered users/_form.html.erb (1.1ms)
  Rendered users/new.html.erb within layouts/application (2.3ms)
Completed 200 OK in 23ms (Views: 22.7ms | ActiveRecord: 0.0ms)


Started GET "/assets/scaffolds.self-71c201be68e28d27461984dd538fc9e802337c01f998c6dd0b03bf5bc14ef424.css?body=1" for ::1 at 2015-08-20 15:21:23 +0200


Started GET "/assets/jquery_ujs.self-ca5248a2fad13d6bd58ea121318d642f195f0b2dd818b30615f785ff365e8d1f.js?body=1" for ::1 at 2015-08-20 15:21:23 +0200


Started GET "/assets/jquery.self-d03a5518f45df77341bdbe6201ba3bfa547ebba8ed64f0ea56bfa5f96ea7c074.js?body=1" for ::1 at 2015-08-20 15:21:23 +0200


Started GET "/assets/turbolinks.self-c37727e9bd6b2735da5c311aa83fead54ed0be6cc8bd9a65309e9c5abe2cbfff.js?body=1" for ::1 at 2015-08-20 15:21:23 +0200


Started GET "/assets/application.self-e80e8f2318043e8af94dddc2adad5a4f09739a8ebb323b3ab31cd71d45fd9113.css?body=1" for ::1 at 2015-08-20 15:21:23 +0200


Started GET "/assets/users.self-877aef30ae1b040ab8a3aba4e3e309a11d7f2612f44dde450b5c157aa5f95c05.js?body=1" for ::1 at 2015-08-20 15:21:23 +0200


Started GET "/assets/users.self-e3b0c44298fc1c149afbf4c8996fb92427ae41e4649b934ca495991b7852b855.css?body=1" for ::1 at 2015-08-20 15:21:23 +0200


Started GET "/assets/application.self-3b8dabdc891efe46b9a144b400ad69e37d7e5876bdc39dee783419a69d7ca819.js?body=1" for ::1 at 2015-08-20 15:21:23 +0200


Started GET "/users/cat.jpg" for ::1 at 2015-08-20 15:21:23 +0200
Processing by UsersController#show as JPEG
  Parameters: {"id"=>"cat"}
  [1m[36mUser Load (0.1ms)[0m  [1mSELECT  "users".* FROM "users" WHERE "users"."id" = ? LIMIT 1[0m  [["id", 0]]
Completed 404 Not Found in 6ms (ActiveRecord: 0.1ms)

ActiveRecord::RecordNotFound (Couldn't find User with 'id'=cat):
  app/controllers/users_controller.rb:67:in `set_user'


  Rendered /Users/dschufel/.rvm/gems/ruby-1.9.3-p547/gems/actionpack-4.2.3/lib/action_dispatch/middleware/templates/rescues/_source.erb (3.2ms)
  Rendered /Users/dschufel/.rvm/gems/ruby-1.9.3-p547/gems/actionpack-4.2.3/lib/action_dispatch/middleware/templates/rescues/_trace.html.erb (1.5ms)
  Rendered /Users/dschufel/.rvm/gems/ruby-1.9.3-p547/gems/actionpack-4.2.3/lib/action_dispatch/middleware/templates/rescues/_request_and_response.html.erb (0.7ms)
  Rendered /Users/dschufel/.rvm/gems/ruby-1.9.3-p547/gems/actionpack-4.2.3/lib/action_dispatch/middleware/templates/rescues/diagnostics.html.erb within rescues/layout (40.0ms)
  Rendered /Users/dschufel/.rvm/gems/ruby-1.9.3-p547/gems/web-console-2.2.1/lib/web_console/templates/_markup.html.erb (0.3ms)
  Rendered /Users/dschufel/.rvm/gems/ruby-1.9.3-p547/gems/web-console-2.2.1/lib/web_console/templates/_inner_console_markup.html.erb within layouts/inlined_string (0.3ms)
  Rendered /Users/dschufel/.rvm/gems/ruby-1.9.3-p547/gems/web-console-2.2.1/lib/web_console/templates/_prompt_box_markup.html.erb within layouts/inlined_string (0.2ms)
  Rendered /Users/dschufel/.rvm/gems/ruby-1.9.3-p547/gems/web-console-2.2.1/lib/web_console/templates/style.css.erb within layouts/inlined_string (0.3ms)
  Rendered /Users/dschufel/.rvm/gems/ruby-1.9.3-p547/gems/web-console-2.2.1/lib/web_console/templates/console.js.erb within layouts/javascript (35.1ms)
  Rendered /Users/dschufel/.rvm/gems/ruby-1.9.3-p547/gems/web-console-2.2.1/lib/web_console/templates/main.js.erb within layouts/javascript (0.3ms)
  Rendered /Users/dschufel/.rvm/gems/ruby-1.9.3-p547/gems/web-console-2.2.1/lib/web_console/templates/error_page.js.erb within layouts/javascript (0.4ms)
  Rendered /Users/dschufel/.rvm/gems/ruby-1.9.3-p547/gems/web-console-2.2.1/lib/web_console/templates/index.html.erb (81.1ms)


Started GET "/users/new" for ::1 at 2015-08-20 15:37:27 +0200
  [1m[36mActiveRecord::SchemaMigration Load (0.1ms)[0m  [1mSELECT "schema_migrations".* FROM "schema_migrations"[0m
Processing by UsersController#new as HTML
  Rendered users/_form.html.erb (25.6ms)
  Rendered users/new.html.erb within layouts/application (32.1ms)
Completed 200 OK in 299ms (Views: 278.8ms | ActiveRecord: 0.4ms)


Started GET "/users/new" for ::1 at 2015-08-20 15:40:03 +0200
Processing by UsersController#new as HTML
  Rendered users/_form.html.erb (1.1ms)
  Rendered users/new.html.erb within layouts/application (1.9ms)
Completed 200 OK in 24ms (Views: 23.5ms | ActiveRecord: 0.0ms)


Started GET "/assets/scaffolds.self-71c201be68e28d27461984dd538fc9e802337c01f998c6dd0b03bf5bc14ef424.css?body=1" for ::1 at 2015-08-20 15:40:03 +0200


Started GET "/assets/users.self-e3b0c44298fc1c149afbf4c8996fb92427ae41e4649b934ca495991b7852b855.css?body=1" for ::1 at 2015-08-20 15:40:03 +0200


Started GET "/assets/application.self-e80e8f2318043e8af94dddc2adad5a4f09739a8ebb323b3ab31cd71d45fd9113.css?body=1" for ::1 at 2015-08-20 15:40:03 +0200


Started GET "/assets/jquery_ujs.self-ca5248a2fad13d6bd58ea121318d642f195f0b2dd818b30615f785ff365e8d1f.js?body=1" for ::1 at 2015-08-20 15:40:03 +0200


Started GET "/assets/jquery.self-d03a5518f45df77341bdbe6201ba3bfa547ebba8ed64f0ea56bfa5f96ea7c074.js?body=1" for ::1 at 2015-08-20 15:40:03 +0200


Started GET "/assets/turbolinks.self-c37727e9bd6b2735da5c311aa83fead54ed0be6cc8bd9a65309e9c5abe2cbfff.js?body=1" for ::1 at 2015-08-20 15:40:03 +0200


Started GET "/assets/users.self-877aef30ae1b040ab8a3aba4e3e309a11d7f2612f44dde450b5c157aa5f95c05.js?body=1" for ::1 at 2015-08-20 15:40:03 +0200


Started GET "/assets/application.self-3b8dabdc891efe46b9a144b400ad69e37d7e5876bdc39dee783419a69d7ca819.js?body=1" for ::1 at 2015-08-20 15:40:03 +0200


Started POST "/users" for ::1 at 2015-08-20 15:40:05 +0200
Processing by UsersController#create as HTML
  Parameters: {"utf8"=>"✓", "authenticity_token"=>"PrTB0TA7Zb0ZMyOuhuUJMolXaqtj1jLnvnrioo5W1f6szpNiBoMZd91MdL22aoZvH6sQOLyrudT/U+WYuQlZUA==", "user"=>{"name"=>"", "email"=>""}, "commit"=>"Create User"}
  [1m[35m (0.1ms)[0m  begin transaction
  [1m[36mSQL (0.4ms)[0m  [1mINSERT INTO "users" ("name", "email", "created_at", "updated_at") VALUES (?, ?, ?, ?)[0m  [["name", ""], ["email", ""], ["created_at", "2015-08-20 13:40:05.345238"], ["updated_at", "2015-08-20 13:40:05.345238"]]
  [1m[35m (0.7ms)[0m  commit transaction
Redirected to http://localhost:3000/users/4
Completed 302 Found in 7ms (ActiveRecord: 1.2ms)


Started GET "/users/4" for ::1 at 2015-08-20 15:40:05 +0200
Processing by UsersController#show as HTML
  Parameters: {"id"=>"4"}
  [1m[36mUser Load (0.2ms)[0m  [1mSELECT  "users".* FROM "users" WHERE "users"."id" = ? LIMIT 1[0m  [["id", 4]]
  Rendered users/show.html.erb within layouts/application (0.8ms)
Completed 200 OK in 35ms (Views: 26.0ms | ActiveRecord: 0.2ms)
  [1m[36mActiveRecord::SchemaMigration Load (0.1ms)[0m  [1mSELECT "schema_migrations".* FROM "schema_migrations"[0m
Migrating to CreateMicroposts (20150820134139)
  [1m[35m (0.0ms)[0m  begin transaction
  [1m[36m (0.4ms)[0m  [1mCREATE TABLE "microposts" ("id" INTEGER PRIMARY KEY AUTOINCREMENT NOT NULL, "content" text, "user_id" integer, "created_at" datetime NOT NULL, "updated_at" datetime NOT NULL) [0m
  [1m[35mSQL (0.1ms)[0m  INSERT INTO "schema_migrations" ("version") VALUES (?)  [["version", "20150820134139"]]
  [1m[36m (0.9ms)[0m  [1mcommit transaction[0m
  [1m[35mActiveRecord::SchemaMigration Load (0.1ms)[0m  SELECT "schema_migrations".* FROM "schema_migrations"


Started GET "/users/4" for ::1 at 2015-08-20 15:42:53 +0200
  [1m[36mActiveRecord::SchemaMigration Load (0.1ms)[0m  [1mSELECT "schema_migrations".* FROM "schema_migrations"[0m
Processing by UsersController#show as HTML
  Parameters: {"id"=>"4"}
  [1m[35mUser Load (0.1ms)[0m  SELECT  "users".* FROM "users" WHERE "users"."id" = ? LIMIT 1  [["id", 4]]
  Rendered users/show.html.erb within layouts/application (1.2ms)
Completed 200 OK in 233ms (Views: 217.7ms | ActiveRecord: 0.3ms)


Started GET "/assets/microposts.self-e3b0c44298fc1c149afbf4c8996fb92427ae41e4649b934ca495991b7852b855.css?body=1" for ::1 at 2015-08-20 15:42:53 +0200


Started GET "/assets/jquery.self-d03a5518f45df77341bdbe6201ba3bfa547ebba8ed64f0ea56bfa5f96ea7c074.js?body=1" for ::1 at 2015-08-20 15:42:53 +0200


Started GET "/assets/jquery_ujs.self-ca5248a2fad13d6bd58ea121318d642f195f0b2dd818b30615f785ff365e8d1f.js?body=1" for ::1 at 2015-08-20 15:42:53 +0200


Started GET "/assets/users.self-e3b0c44298fc1c149afbf4c8996fb92427ae41e4649b934ca495991b7852b855.css?body=1" for ::1 at 2015-08-20 15:42:53 +0200


Started GET "/assets/scaffolds.self-71c201be68e28d27461984dd538fc9e802337c01f998c6dd0b03bf5bc14ef424.css?body=1" for ::1 at 2015-08-20 15:42:53 +0200


Started GET "/assets/application.self-e80e8f2318043e8af94dddc2adad5a4f09739a8ebb323b3ab31cd71d45fd9113.css?body=1" for ::1 at 2015-08-20 15:42:53 +0200


Started GET "/assets/turbolinks.self-c37727e9bd6b2735da5c311aa83fead54ed0be6cc8bd9a65309e9c5abe2cbfff.js?body=1" for ::1 at 2015-08-20 15:42:53 +0200


Started GET "/assets/microposts.self-877aef30ae1b040ab8a3aba4e3e309a11d7f2612f44dde450b5c157aa5f95c05.js?body=1" for ::1 at 2015-08-20 15:42:53 +0200


Started GET "/assets/application.self-3b8dabdc891efe46b9a144b400ad69e37d7e5876bdc39dee783419a69d7ca819.js?body=1" for ::1 at 2015-08-20 15:42:53 +0200


Started GET "/assets/users.self-877aef30ae1b040ab8a3aba4e3e309a11d7f2612f44dde450b5c157aa5f95c05.js?body=1" for ::1 at 2015-08-20 15:42:53 +0200


Started GET "/" for ::1 at 2015-08-20 15:43:01 +0200
Processing by UsersController#index as HTML
  [1m[36mUser Load (0.9ms)[0m  [1mSELECT "users".* FROM "users"[0m
  Rendered users/index.html.erb within layouts/application (4.4ms)
Completed 200 OK in 55ms (Views: 53.6ms | ActiveRecord: 0.9ms)


Started GET "/" for ::1 at 2015-08-20 15:43:01 +0200
Processing by UsersController#index as HTML
  [1m[35mUser Load (0.2ms)[0m  SELECT "users".* FROM "users"
  Rendered users/index.html.erb within layouts/application (1.4ms)
Completed 200 OK in 49ms (Views: 47.9ms | ActiveRecord: 0.2ms)


Started GET "/users/new" for ::1 at 2015-08-20 15:43:04 +0200
Processing by UsersController#new as HTML
  Rendered users/_form.html.erb (14.0ms)
  Rendered users/new.html.erb within layouts/application (17.9ms)
Completed 200 OK in 47ms (Views: 46.5ms | ActiveRecord: 0.0ms)


Started POST "/users" for ::1 at 2015-08-20 15:43:08 +0200
Processing by UsersController#create as HTML
  Parameters: {"utf8"=>"✓", "authenticity_token"=>"MY2CsqlBJQgHUCqkCSC0L0A1PlllAQYQnZ42uMkYQJWj99ABn/lZwsMvfbc5rzty1slEyrp8jSPctzGC/kfMOw==", "user"=>{"name"=>"hello ", "email"=>"dani"}, "commit"=>"Create User"}
  [1m[36m (0.1ms)[0m  [1mbegin transaction[0m
  [1m[35mSQL (0.3ms)[0m  INSERT INTO "users" ("name", "email", "created_at", "updated_at") VALUES (?, ?, ?, ?)  [["name", "hello "], ["email", "dani"], ["created_at", "2015-08-20 13:43:08.937928"], ["updated_at", "2015-08-20 13:43:08.937928"]]
  [1m[36m (0.7ms)[0m  [1mcommit transaction[0m
Redirected to http://localhost:3000/users/5
Completed 302 Found in 4ms (ActiveRecord: 1.1ms)


Started GET "/users/5" for ::1 at 2015-08-20 15:43:08 +0200
Processing by UsersController#show as HTML
  Parameters: {"id"=>"5"}
  [1m[35mUser Load (0.1ms)[0m  SELECT  "users".* FROM "users" WHERE "users"."id" = ? LIMIT 1  [["id", 5]]
  Rendered users/show.html.erb within layouts/application (0.2ms)
Completed 200 OK in 25ms (Views: 24.5ms | ActiveRecord: 0.1ms)


Started GET "/users" for ::1 at 2015-08-20 15:43:10 +0200
Processing by UsersController#index as HTML
  [1m[36mUser Load (0.1ms)[0m  [1mSELECT "users".* FROM "users"[0m
  Rendered users/index.html.erb within layouts/application (1.7ms)
Completed 200 OK in 27ms (Views: 26.7ms | ActiveRecord: 0.1ms)


Started GET "/users/4" for ::1 at 2015-08-20 15:43:13 +0200
Processing by UsersController#show as HTML
  Parameters: {"id"=>"4"}
  [1m[35mUser Load (0.1ms)[0m  SELECT  "users".* FROM "users" WHERE "users"."id" = ? LIMIT 1  [["id", 4]]
  Rendered users/show.html.erb within layouts/application (0.7ms)
Completed 200 OK in 26ms (Views: 25.6ms | ActiveRecord: 0.1ms)


Started GET "/users" for ::1 at 2015-08-20 15:43:15 +0200
Processing by UsersController#index as HTML
  [1m[36mUser Load (0.1ms)[0m  [1mSELECT "users".* FROM "users"[0m
  Rendered users/index.html.erb within layouts/application (1.3ms)
Completed 200 OK in 26ms (Views: 25.2ms | ActiveRecord: 0.1ms)


Started GET "/microposts/" for ::1 at 2015-08-20 15:45:37 +0200
Processing by MicropostsController#index as HTML
  [1m[35mMicropost Load (0.3ms)[0m  SELECT "microposts".* FROM "microposts"
  Rendered microposts/index.html.erb within layouts/application (1.8ms)
Completed 200 OK in 30ms (Views: 27.2ms | ActiveRecord: 0.3ms)
